0 info it worked if it ends with ok
1 verbose cli [ '/usr/bin/node', '/usr/bin/npm', 'run', 'build' ]
2 info using npm@3.10.10
3 info using node@v6.13.1
4 verbose stack Error: Failed to parse json
4 verbose stack Trailing comma in object at 46:5
4 verbose stack     }
4 verbose stack     ^
4 verbose stack     at parseError (/usr/lib/node_modules/npm/node_modules/read-package-json/read-json.js:390:11)
4 verbose stack     at parseJson (/usr/lib/node_modules/npm/node_modules/read-package-json/read-json.js:79:23)
4 verbose stack     at /usr/lib/node_modules/npm/node_modules/read-package-json/read-json.js:48:5
4 verbose stack     at /usr/lib/node_modules/npm/node_modules/graceful-fs/graceful-fs.js:78:16
4 verbose stack     at tryToString (fs.js:457:3)
4 verbose stack     at FSReqWrap.readFileAfterClose [as oncomplete] (fs.js:444:12)
5 verbose cwd /home/tjibbe/chromeos-filesystem-sftp/src/icons
6 error Linux 3.8.11
7 error argv "/usr/bin/node" "/usr/bin/npm" "run" "build"
8 error node v6.13.1
9 error npm  v3.10.10
10 error file /home/tjibbe/chromeos-filesystem-sftp/package.json
11 error code EJSONPARSE
12 error Failed to parse json
12 error Trailing comma in object at 46:5
12 error     }
12 error     ^
13 error File: /home/tjibbe/chromeos-filesystem-sftp/package.json
14 error Failed to parse package.json data.
14 error package.json must be actual JSON, not just JavaScript.
14 error
14 error This is not a bug in npm.
14 error Tell the package author to fix their package.json file. JSON.parse
15 verbose exit [ 1, true ]
